<?xml version="1.0" encoding="UTF-8"?>
<testsuite name="com.ctc.Runner" tests="0" skipped="0" failures="0" errors="0" timestamp="1970-01-01T00:00:00" hostname="ctc-pl-12" time="0.0">
  <properties/>
  <system-out><![CDATA[
?[31mFailed scenarios:?[0m
?[31msrc/test/java/Features/ICLVLogin.feature:17 ?[0m# Login with correct credentials and sign out afterwards.

1 Scenarios (?[31m1 failed?[0m)
8 Steps (?[31m1 failed?[0m, ?[32m7 passed?[0m)
0m19,153s

java.lang.AssertionError: FALLO AL FINAL
	at org.junit.Assert.fail(Assert.java:88)
	at Steps.LoginStep.thenIShouldSeeTheSignOutPage(LoginStep.java:84)
	at ?.I should see the Sign Out page(src/test/java/Features/ICLVLogin.feature:13)

]]></system-out>
  <system-err><![CDATA[]]></system-err>
</testsuite>
